2022-09-06 15:22:39.337 [main] INFO  cn.memset.user.web.Application::logStarting - Starting Application using Java 11.0.16 on liyoudeAir.lan with PID 3073 (/Users/turboyou/Documents/IDEA/ms-user/ms-user-web/target/classes started by turboyou in /Users/turboyou/Documents/IDEA/ms-user)
2022-09-06 15:22:39.341 [main] INFO  cn.memset.user.web.Application::logStartupProfileInfo - The following 1 profile is active: "dev"
2022-09-06 15:22:40.785 [main] INFO  org.springframework.cloud.context.scope.GenericScope::setSerializationId - BeanFactory id=5ded33cf-9ae6-36fc-be29-91f45566fff6
2022-09-06 15:22:41.437 [main] INFO  org.springframework.boot.web.embedded.tomcat.TomcatWebServer::initialize - Tomcat initialized with port(s): 8080 (http)
2022-09-06 15:22:41.454 [main] INFO  org.apache.coyote.http11.Http11NioProtocol::log - Initializing ProtocolHandler ["http-nio-8080"]
2022-09-06 15:22:41.455 [main] INFO  org.apache.catalina.core.StandardService::log - Starting service [Tomcat]
2022-09-06 15:22:41.455 [main] INFO  org.apache.catalina.core.StandardEngine::log - Starting Servlet engine: [Apache Tomcat/9.0.62]
2022-09-06 15:22:41.876 [main] INFO  org.apache.catalina.core.ContainerBase.[Tomcat].[localhost].[/]::log - Initializing Spring embedded WebApplicationContext
2022-09-06 15:22:41.877 [main] INFO  org.springframework.boot.web.servlet.context.ServletWebServerApplicationContext::prepareWebApplicationContext - Root WebApplicationContext: initialization completed in 2455 ms
2022-09-06 15:22:42.377 [main] INFO  org.apache.coyote.http11.Http11NioProtocol::log - Starting ProtocolHandler ["http-nio-8080"]
2022-09-06 15:22:42.491 [main] INFO  org.springframework.boot.web.embedded.tomcat.TomcatWebServer::start - Tomcat started on port(s): 8080 (http) with context path ''
2022-09-06 15:22:42.516 [main] INFO  cn.memset.user.web.Application::logStarted - Started Application in 6.603 seconds (JVM running for 9.985)
2022-09-06 15:24:10.092 [http-nio-8080-exec-1] INFO  org.apache.catalina.core.ContainerBase.[Tomcat].[localhost].[/]::log - Initializing Spring DispatcherServlet 'dispatcherServlet'
2022-09-06 15:24:10.103 [http-nio-8080-exec-1] INFO  org.springframework.web.servlet.DispatcherServlet::initServletBean - Initializing Servlet 'dispatcherServlet'
2022-09-06 15:24:10.151 [http-nio-8080-exec-1] INFO  org.springframework.web.servlet.DispatcherServlet::initServletBean - Completed initialization in 47 ms
2022-09-06 15:25:44.485 [main] INFO  cn.memset.user.web.Application::logStarting - Starting Application using Java 1.8.0_342 on liyoudeAir.lan with PID 3264 (/Users/turboyou/Documents/IDEA/ms-user/ms-user-web/target/classes started by turboyou in /Users/turboyou/Documents/IDEA/ms-user)
2022-09-06 15:25:44.487 [main] INFO  cn.memset.user.web.Application::logStartupProfileInfo - The following 1 profile is active: "dev"
2022-09-06 15:25:44.894 [main] INFO  org.springframework.cloud.context.scope.GenericScope::setSerializationId - BeanFactory id=5ded33cf-9ae6-36fc-be29-91f45566fff6
2022-09-06 15:25:45.058 [main] INFO  org.springframework.boot.web.embedded.tomcat.TomcatWebServer::initialize - Tomcat initialized with port(s): 8080 (http)
2022-09-06 15:25:45.062 [main] INFO  org.apache.coyote.http11.Http11NioProtocol::log - Initializing ProtocolHandler ["http-nio-8080"]
2022-09-06 15:25:45.062 [main] INFO  org.apache.catalina.core.StandardService::log - Starting service [Tomcat]
2022-09-06 15:25:45.062 [main] INFO  org.apache.catalina.core.StandardEngine::log - Starting Servlet engine: [Apache Tomcat/9.0.62]
2022-09-06 15:25:45.126 [main] INFO  org.apache.catalina.core.ContainerBase.[Tomcat].[localhost].[/]::log - Initializing Spring embedded WebApplicationContext
2022-09-06 15:25:45.126 [main] INFO  org.springframework.boot.web.servlet.context.ServletWebServerApplicationContext::prepareWebApplicationContext - Root WebApplicationContext: initialization completed in 615 ms
2022-09-06 15:25:45.327 [main] INFO  org.apache.coyote.http11.Http11NioProtocol::log - Starting ProtocolHandler ["http-nio-8080"]
2022-09-06 15:25:45.339 [main] INFO  org.springframework.boot.web.embedded.tomcat.TomcatWebServer::start - Tomcat started on port(s): 8080 (http) with context path ''
2022-09-06 15:25:45.352 [main] INFO  cn.memset.user.web.Application::logStarted - Started Application in 1.236 seconds (JVM running for 1.816)
2022-09-06 15:25:51.239 [http-nio-8080-exec-1] INFO  org.apache.catalina.core.ContainerBase.[Tomcat].[localhost].[/]::log - Initializing Spring DispatcherServlet 'dispatcherServlet'
2022-09-06 15:25:51.241 [http-nio-8080-exec-1] INFO  org.springframework.web.servlet.DispatcherServlet::initServletBean - Initializing Servlet 'dispatcherServlet'
2022-09-06 15:25:51.246 [http-nio-8080-exec-1] INFO  org.springframework.web.servlet.DispatcherServlet::initServletBean - Completed initialization in 5 ms
2022-09-06 17:30:27.767 [main] INFO  cn.memset.user.web.Application::logStarting - Starting Application using Java 1.8.0_342 on liyoudeAir.lan with PID 8701 (/Users/turboyou/Documents/IDEA/ms-user/ms-user-web/target/classes started by turboyou in /Users/turboyou/Documents/IDEA/ms-user)
2022-09-06 17:30:27.770 [main] INFO  cn.memset.user.web.Application::logStartupProfileInfo - The following 1 profile is active: "dev"
2022-09-06 17:30:28.252 [main] INFO  org.springframework.cloud.context.scope.GenericScope::setSerializationId - BeanFactory id=5ded33cf-9ae6-36fc-be29-91f45566fff6
2022-09-06 17:30:28.404 [main] INFO  org.springframework.boot.web.embedded.tomcat.TomcatWebServer::initialize - Tomcat initialized with port(s): 8080 (http)
2022-09-06 17:30:28.408 [main] INFO  org.apache.coyote.http11.Http11NioProtocol::log - Initializing ProtocolHandler ["http-nio-8080"]
2022-09-06 17:30:28.409 [main] INFO  org.apache.catalina.core.StandardService::log - Starting service [Tomcat]
2022-09-06 17:30:28.409 [main] INFO  org.apache.catalina.core.StandardEngine::log - Starting Servlet engine: [Apache Tomcat/9.0.62]
2022-09-06 17:30:28.454 [main] INFO  org.apache.catalina.core.ContainerBase.[Tomcat].[localhost].[/]::log - Initializing Spring embedded WebApplicationContext
2022-09-06 17:30:28.455 [main] INFO  org.springframework.boot.web.servlet.context.ServletWebServerApplicationContext::prepareWebApplicationContext - Root WebApplicationContext: initialization completed in 651 ms
2022-09-06 17:30:28.650 [main] INFO  org.apache.coyote.http11.Http11NioProtocol::log - Starting ProtocolHandler ["http-nio-8080"]
2022-09-06 17:30:28.662 [main] INFO  org.springframework.boot.web.embedded.tomcat.TomcatWebServer::start - Tomcat started on port(s): 8080 (http) with context path ''
2022-09-06 17:30:28.669 [main] INFO  cn.memset.user.web.Application::logStarted - Started Application in 1.346 seconds (JVM running for 1.867)
2022-09-06 17:30:57.415 [http-nio-8080-exec-1] INFO  org.apache.catalina.core.ContainerBase.[Tomcat].[localhost].[/]::log - Initializing Spring DispatcherServlet 'dispatcherServlet'
2022-09-06 17:30:57.417 [http-nio-8080-exec-1] INFO  org.springframework.web.servlet.DispatcherServlet::initServletBean - Initializing Servlet 'dispatcherServlet'
2022-09-06 17:30:57.423 [http-nio-8080-exec-1] INFO  org.springframework.web.servlet.DispatcherServlet::initServletBean - Completed initialization in 5 ms
2022-09-06 17:31:37.807 [main] INFO  cn.memset.user.web.Application::logStarting - Starting Application using Java 1.8.0_342 on liyoudeAir.lan with PID 8762 (/Users/turboyou/Documents/IDEA/ms-user/ms-user-web/target/classes started by turboyou in /Users/turboyou/Documents/IDEA/ms-user)
2022-09-06 17:31:37.809 [main] INFO  cn.memset.user.web.Application::logStartupProfileInfo - The following 1 profile is active: "dev"
2022-09-06 17:31:38.226 [main] INFO  org.springframework.cloud.context.scope.GenericScope::setSerializationId - BeanFactory id=5ded33cf-9ae6-36fc-be29-91f45566fff6
2022-09-06 17:31:38.478 [main] INFO  org.springframework.boot.web.embedded.tomcat.TomcatWebServer::initialize - Tomcat initialized with port(s): 8080 (http)
2022-09-06 17:31:38.484 [main] INFO  org.apache.coyote.http11.Http11NioProtocol::log - Initializing ProtocolHandler ["http-nio-8080"]
2022-09-06 17:31:38.484 [main] INFO  org.apache.catalina.core.StandardService::log - Starting service [Tomcat]
2022-09-06 17:31:38.484 [main] INFO  org.apache.catalina.core.StandardEngine::log - Starting Servlet engine: [Apache Tomcat/9.0.62]
2022-09-06 17:31:38.545 [main] INFO  org.apache.catalina.core.ContainerBase.[Tomcat].[localhost].[/]::log - Initializing Spring embedded WebApplicationContext
2022-09-06 17:31:38.546 [main] INFO  org.springframework.boot.web.servlet.context.ServletWebServerApplicationContext::prepareWebApplicationContext - Root WebApplicationContext: initialization completed in 689 ms
2022-09-06 17:31:38.736 [main] INFO  org.apache.coyote.http11.Http11NioProtocol::log - Starting ProtocolHandler ["http-nio-8080"]
2022-09-06 17:31:38.747 [main] INFO  org.springframework.boot.web.embedded.tomcat.TomcatWebServer::start - Tomcat started on port(s): 8080 (http) with context path ''
2022-09-06 17:31:38.755 [main] INFO  cn.memset.user.web.Application::logStarted - Started Application in 1.282 seconds (JVM running for 1.747)
2022-09-06 17:31:52.267 [http-nio-8080-exec-1] INFO  org.apache.catalina.core.ContainerBase.[Tomcat].[localhost].[/]::log - Initializing Spring DispatcherServlet 'dispatcherServlet'
2022-09-06 17:31:52.269 [http-nio-8080-exec-1] INFO  org.springframework.web.servlet.DispatcherServlet::initServletBean - Initializing Servlet 'dispatcherServlet'
2022-09-06 17:31:52.281 [http-nio-8080-exec-1] INFO  org.springframework.web.servlet.DispatcherServlet::initServletBean - Completed initialization in 12 ms
